TN:
SF:src/app/(pages)/products/[product_id]/(components)/ImageCarousell/ImageCarousel.tsx
FN:7,(anonymous_6)
FN:19,(anonymous_7)
FN:21,(anonymous_8)
FN:24,(anonymous_9)
FN:26,(anonymous_10)
FN:29,(anonymous_11)
FN:32,(anonymous_12)
FN:43,(anonymous_13)
FN:46,(anonymous_14)
FN:46,(anonymous_15)
FNF:10
FNH:2
FNDA:1,(anonymous_6)
FNDA:0,(anonymous_7)
FNDA:0,(anonymous_8)
FNDA:0,(anonymous_9)
FNDA:0,(anonymous_10)
FNDA:0,(anonymous_11)
FNDA:0,(anonymous_12)
FNDA:5,(anonymous_13)
FNDA:0,(anonymous_14)
FNDA:0,(anonymous_15)
DA:3,1
DA:4,1
DA:5,1
DA:7,1
DA:8,1
DA:9,1
DA:11,1
DA:13,1
DA:14,1
DA:15,1
DA:16,1
DA:17,1
DA:19,1
DA:20,0
DA:21,0
DA:24,1
DA:25,0
DA:26,0
DA:29,1
DA:30,0
DA:32,1
DA:33,0
DA:36,1
DA:44,5
DA:45,5
DA:46,0
DA:61,1
LF:27
LH:20
BRDA:16,0,0,0
BRDA:16,0,1,1
BRDA:17,1,0,1
BRDA:17,1,1,0
BRDA:20,2,0,0
BRDA:25,3,0,0
BRDA:44,4,0,0
BRDA:44,4,1,5
BRF:8
BRH:3
end_of_record
TN:
SF:src/app/(pages)/products/[product_id]/(components)/ImageViewer/ImageViewer.tsx
FN:27,(anonymous_6)
FN:30,(anonymous_7)
FN:31,(anonymous_8)
FN:34,(anonymous_9)
FN:37,(anonymous_10)
FN:37,(anonymous_11)
FN:38,(anonymous_12)
FN:40,(anonymous_13)
FN:40,(anonymous_14)
FN:47,(anonymous_15)
FN:51,(anonymous_16)
FN:60,(anonymous_17)
FN:68,(anonymous_18)
FN:69,(anonymous_19)
FN:74,(anonymous_20)
FN:77,(anonymous_21)
FN:95,(anonymous_22)
FN:104,(anonymous_23)
FN:122,(anonymous_24)
FN:127,(anonymous_25)
FN:131,(anonymous_26)
FNF:21
FNH:4
FNDA:2,(anonymous_6)
FNDA:0,(anonymous_7)
FNDA:0,(anonymous_8)
FNDA:0,(anonymous_9)
FNDA:0,(anonymous_10)
FNDA:0,(anonymous_11)
FNDA:0,(anonymous_12)
FNDA:0,(anonymous_13)
FNDA:0,(anonymous_14)
FNDA:2,(anonymous_15)
FNDA:0,(anonymous_16)
FNDA:0,(anonymous_17)
FNDA:2,(anonymous_18)
FNDA:0,(anonymous_19)
FNDA:2,(anonymous_20)
FNDA:0,(anonymous_21)
FNDA:0,(anonymous_22)
FNDA:0,(anonymous_23)
FNDA:0,(anonymous_24)
FNDA:0,(anonymous_25)
FNDA:0,(anonymous_26)
DA:5,2
DA:6,2
DA:7,2
DA:8,2
DA:27,2
DA:30,0
DA:31,0
DA:34,0
DA:37,0
DA:38,0
DA:40,0
DA:47,2
DA:48,2
DA:50,2
DA:52,0
DA:53,0
DA:54,0
DA:59,2
DA:61,0
DA:62,0
DA:63,0
DA:68,2
DA:69,2
DA:70,0
DA:71,0
DA:73,2
DA:74,2
DA:77,2
DA:78,0
DA:79,0
DA:81,0
DA:82,0
DA:83,0
DA:84,0
DA:85,0
DA:86,0
DA:90,2
DA:92,0
DA:96,0
DA:97,0
DA:98,0
DA:105,0
DA:106,0
DA:123,0
DA:124,0
DA:127,0
DA:131,0
LF:47
LH:15
BRDA:53,0,0,0
BRDA:62,1,0,0
BRDA:70,2,0,0
BRDA:71,3,0,0
BRDA:79,4,0,0
BRDA:81,5,0,0
BRDA:81,5,1,0
BRDA:83,6,0,0
BRDA:83,6,1,0
BRDA:85,7,0,0
BRDA:90,8,0,2
BRDA:101,9,0,0
BRDA:101,9,1,0
BRF:13
BRH:1
end_of_record
TN:
SF:src/app/(pages)/products/[product_id]/(components)/Star/Star.tsx
FN:4,(anonymous_1)
FNF:1
FNH:1
FNDA:3,(anonymous_1)
DA:1,1
DA:2,1
DA:4,3
DA:5,3
DA:6,3
LF:5
LH:5
BRF:0
BRH:0
end_of_record
TN:
SF:src/assets/FullscreenSVG.tsx
FN:3,(anonymous_1)
FNF:1
FNH:0
FNDA:0,(anonymous_1)
DA:1,2
DA:3,2
DA:4,0
LF:3
LH:2
BRF:0
BRH:0
end_of_record
